<?xml version="1.0" encoding="UTF-8"?>
<!-- Generated by org.testng.reporters.JUnitReportReporter -->
<testsuite hostname="PC_Jonas" failures="0" tests="6" name="lapr4.utentemanagement.domain.UtenteTest" time="0.108" errors="0" timestamp="2025-05-02T15:14:14 WEST" skipped="0">
  <testcase classname="lapr4.utentemanagement.domain.UtenteTest" name="ensureCustomerEqualsPassesForTheSameMecanographicNumber" time="0.001"/>
  <system-out/>
  <testcase classname="lapr4.utentemanagement.domain.UtenteTest" name="ensureClientUserIsTheSameAsItsInstance" time="0.000"/>
  <system-out/>
  <testcase classname="lapr4.utentemanagement.domain.UtenteTest" name="ensureTwoClientUserWithDifferentMecanographicNumbersAreNotTheSame" time="0.000"/>
  <system-out/>
  <testcase classname="lapr4.utentemanagement.domain.UtenteTest" name="ensureClientUserEqualsFailsForDifferenteMecanographicNumber" time="0.099"/>
  <system-out/>
  <testcase classname="lapr4.utentemanagement.domain.UtenteTest" name="ensureClientUserEqualsFailsForDifferenteObjectTypes" time="0.000"/>
  <system-out/>
  <testcase classname="lapr4.utentemanagement.domain.UtenteTest" name="ensureClientUserEqualsAreTheSameForTheSameInstance" time="0.008"/>
  <system-out/>
</testsuite> <!-- lapr4.utentemanagement.domain.UtenteTest -->
