<?xml version="1.0" encoding="UTF-8"?>
<testsuite xmlns:xsi="http://www.w3.org/2001/XMLSchema-instance" xsi:noNamespaceSchemaLocation="https://maven.apache.org/surefire/maven-surefire-plugin/xsd/surefire-test-report-3.0.xsd" version="3.0" name="lapr4.utentemanagement.domain.UtenteTest" time="0.325" tests="6" errors="0" skipped="0" failures="0">
  <properties>
[...]
</properties>
  <testcase name="ensureClientUserEqualsAreTheSameForTheSameInstance" classname="lapr4.utentemanagement.domain.UtenteTest" time="0.005"/>
  <testcase name="ensureClientUserEqualsFailsForDifferenteMecanographicNumber" classname="lapr4.utentemanagement.domain.UtenteTest" time="0.099"/>
  <testcase name="ensureClientUserEqualsFailsForDifferenteObjectTypes" classname="lapr4.utentemanagement.domain.UtenteTest" time="0.0"/>
  <testcase name="ensureClientUserIsTheSameAsItsInstance" classname="lapr4.utentemanagement.domain.UtenteTest" time="0.0"/>
  <testcase name="ensureCustomerEqualsPassesForTheSameMecanographicNumber" classname="lapr4.utentemanagement.domain.UtenteTest" time="0.001"/>
  <testcase name="ensureTwoClientUserWithDifferentMecanographicNumbersAreNotTheSame" classname="lapr4.utentemanagement.domain.UtenteTest" time="0.001"/>
</testsuite>