<?xml version="1.0" encoding="UTF-8"?>
<testsuite xmlns:xsi="http://www.w3.org/2001/XMLSchema-instance" xsi:noNamespaceSchemaLocation="https://maven.apache.org/surefire/maven-surefire-plugin/xsd/surefire-test-report-3.0.xsd" version="3.0" name="lapr4.figureManagement.application.FigureServiceTest" time="0.273" tests="2" errors="0" skipped="0" failures="0">
  <properties>
[...]
</properties>
  <testcase name="findActivePublic_semPermissao_lançaUnauthenticatedException" classname="lapr4.figureManagement.application.FigureServiceTest" time="0.228"/>
  <testcase name="findActivePublic_devolveListaCorreta" classname="lapr4.figureManagement.application.FigureServiceTest" time="0.005"/>
</testsuite>