<?xml version="1.0" encoding="UTF-8"?>
<testng-results ignored="0" total="6" passed="6" failed="0" skipped="0">
  <reporter-output>
  </reporter-output>
  <suite started-at="2025-05-02T15:14:13 WEST" name="Surefire suite" finished-at="2025-05-02T15:14:14 WEST" duration-ms="129">
    <groups>
    </groups>
    <test started-at="2025-05-02T15:14:13 WEST" name="Surefire test" finished-at="2025-05-02T15:14:14 WEST" duration-ms="129">
      <class name="lapr4.utentemanagement.domain.UtenteTest">
        <test-method signature="ensureClientUserEqualsAreTheSameForTheSameInstance()[pri:0, instance:lapr4.utentemanagement.domain.UtenteTest@5ea434c8]" started-at="2025-05-02T15:14:13 WEST" name="ensureClientUserEqualsAreTheSameForTheSameInstance" finished-at="2025-05-02T15:14:13 WEST" duration-ms="8" status="PASS">
          <reporter-output>
          </reporter-output>
        </test-method> <!-- ensureClientUserEqualsAreTheSameForTheSameInstance -->
        <test-method signature="ensureClientUserEqualsFailsForDifferenteMecanographicNumber()[pri:0, instance:lapr4.utentemanagement.domain.UtenteTest@5ea434c8]" started-at="2025-05-02T15:14:13 WEST" name="ensureClientUserEqualsFailsForDifferenteMecanographicNumber" finished-at="2025-05-02T15:14:14 WEST" duration-ms="99" status="PASS">
          <reporter-output>
          </reporter-output>
        </test-method> <!-- ensureClientUserEqualsFailsForDifferenteMecanographicNumber -->
        <test-method signature="ensureClientUserEqualsFailsForDifferenteObjectTypes()[pri:0, instance:lapr4.utentemanagement.domain.UtenteTest@5ea434c8]" started-at="2025-05-02T15:14:14 WEST" name="ensureClientUserEqualsFailsForDifferenteObjectTypes" finished-at="2025-05-02T15:14:14 WEST" duration-ms="0" status="PASS">
          <reporter-output>
          </reporter-output>
        </test-method> <!-- ensureClientUserEqualsFailsForDifferenteObjectTypes -->
        <test-method signature="ensureCustomerEqualsPassesForTheSameMecanographicNumber()[pri:0, instance:lapr4.utentemanagement.domain.UtenteTest@5ea434c8]" started-at="2025-05-02T15:14:14 WEST" name="ensureCustomerEqualsPassesForTheSameMecanographicNumber" finished-at="2025-05-02T15:14:14 WEST" duration-ms="1" status="PASS">
          <reporter-output>
          </reporter-output>
        </test-method> <!-- ensureCustomerEqualsPassesForTheSameMecanographicNumber -->
        <test-method signature="ensureClientUserIsTheSameAsItsInstance()[pri:0, instance:lapr4.utentemanagement.domain.UtenteTest@5ea434c8]" started-at="2025-05-02T15:14:14 WEST" name="ensureClientUserIsTheSameAsItsInstance" finished-at="2025-05-02T15:14:14 WEST" duration-ms="0" status="PASS">
          <reporter-output>
          </reporter-output>
        </test-method> <!-- ensureClientUserIsTheSameAsItsInstance -->
        <test-method signature="ensureTwoClientUserWithDifferentMecanographicNumbersAreNotTheSame()[pri:0, instance:lapr4.utentemanagement.domain.UtenteTest@5ea434c8]" started-at="2025-05-02T15:14:14 WEST" name="ensureTwoClientUserWithDifferentMecanographicNumbersAreNotTheSame" finished-at="2025-05-02T15:14:14 WEST" duration-ms="0" status="PASS">
          <reporter-output>
          </reporter-output>
        </test-method> <!-- ensureTwoClientUserWithDifferentMecanographicNumbersAreNotTheSame -->
      </class> <!-- lapr4.utentemanagement.domain.UtenteTest -->
    </test> <!-- Surefire test -->
  </suite> <!-- Surefire suite -->
</testng-results>
