<?xml version="1.0" encoding="UTF-8"?>
<testsuite xmlns:xsi="http://www.w3.org/2001/XMLSchema-instance" xsi:noNamespaceSchemaLocation="https://maven.apache.org/surefire/maven-surefire-plugin/xsd/surefire-test-report-3.0.xsd" version="3.0" name="lapr4.customermanagement.domain.VATTest" time="0.133" tests="14" errors="0" skipped="0" failures="0">
  <properties>
[...]
</properties>
  <testcase name="testMaximumValidVAT" classname="lapr4.customermanagement.domain.VATTest" time="0.015"/>
  <testcase name="testEquals_ReturnsFalseForDifferentVAT" classname="lapr4.customermanagement.domain.VATTest" time="0.003"/>
  <testcase name="compareTo_CaseInsensitiveComparison" classname="lapr4.customermanagement.domain.VATTest" time="0.004"/>
  <testcase name="compareTo_OrdersLexicographically" classname="lapr4.customermanagement.domain.VATTest" time="0.009"/>
  <testcase name="testHashCode_ConsistentWithEquals" classname="lapr4.customermanagement.domain.VATTest" time="0.002"/>
  <testcase name="testToString_ReturnsTrimmedUpperCaseVAT" classname="lapr4.customermanagement.domain.VATTest" time="0.004"/>
  <testcase name="testEquals_ReturnsTrueForSameVAT" classname="lapr4.customermanagement.domain.VATTest" time="0.003"/>
  <testcase name="testVATRejectsSpecialCharacters" classname="lapr4.customermanagement.domain.VATTest" time="0.01"/>
  <testcase name="testVATLengthRequirement" classname="lapr4.customermanagement.domain.VATTest" time="0.005"/>
  <testcase name="valueOf_TrimsAndConvertsToUpperCase" classname="lapr4.customermanagement.domain.VATTest" time="0.004"/>
  <testcase name="testVATStartsWithTwoUpperCaseLetters" classname="lapr4.customermanagement.domain.VATTest" time="0.007"/>
  <testcase name="testMinimumValidVAT" classname="lapr4.customermanagement.domain.VATTest" time="0.006"/>
  <testcase name="testVATCannotBeNullOrEmpty" classname="lapr4.customermanagement.domain.VATTest" time="0.006"/>
  <testcase name="testTrimAndUpperCaseConversion" classname="lapr4.customermanagement.domain.VATTest" time="0.003"/>
</testsuite>