<?xml version="1.0" encoding="UTF-8"?>
<testsuite xmlns:xsi="http://www.w3.org/2001/XMLSchema-instance" xsi:noNamespaceSchemaLocation="https://maven.apache.org/surefire/maven-surefire-plugin/xsd/surefire-test-report-3.0.xsd" version="3.0" name="lapr4.figureManagement.application.FigureServiceTest" time="0.128" tests="12" errors="0" skipped="0" failures="0">
  <properties>
[...]
</properties>
  <testcase name="registerFigure_exclusiveFigure_shouldCreateAndSave" classname="lapr4.figureManagement.application.FigureServiceTest" time="0.095"/>
  <testcase name="searchByCategoryOrKeyword_byDescription_shouldReturnResults" classname="lapr4.figureManagement.application.FigureServiceTest" time="0.002"/>
  <testcase name="registerFigure_unauthorizedUser_shouldThrowException" classname="lapr4.figureManagement.application.FigureServiceTest" time="0.001"/>
  <testcase name="registerFigureWithKeywords_withNullVAT_shouldThrowException" classname="lapr4.figureManagement.application.FigureServiceTest" time="0.002"/>
  <testcase name="searchByCategoryOrKeyword_byKeyword_shouldReturnResults" classname="lapr4.figureManagement.application.FigureServiceTest" time="0.001"/>
  <testcase name="searchByCategoryOrKeyword_byCategory_shouldReturnResults" classname="lapr4.figureManagement.application.FigureServiceTest" time="0.0"/>
  <testcase name="searchByCategoryOrKeyword_notFound_shouldReturnEmptyList" classname="lapr4.figureManagement.application.FigureServiceTest" time="0.001"/>
  <testcase name="listActivePublicFigures_shouldReturnActivePublic" classname="lapr4.figureManagement.application.FigureServiceTest" time="0.001"/>
  <testcase name="searchByCategoryOrKeyword_unauthenticated_shouldThrowException" classname="lapr4.figureManagement.application.FigureServiceTest" time="0.001"/>
  <testcase name="registerFigure_publicFigure_shouldCreateAndSave" classname="lapr4.figureManagement.application.FigureServiceTest" time="0.001"/>
  <testcase name="searchByCategoryOrKeyword_nullTerm_shouldReturnActivePublic" classname="lapr4.figureManagement.application.FigureServiceTest" time="0.001"/>
  <testcase name="registerFigureWithNoKeywords_withNullVAT_shouldThrowException" classname="lapr4.figureManagement.application.FigureServiceTest" time="0.001"/>
</testsuite>