<?xml version="1.0" encoding="UTF-8"?>
<!-- Generated by org.testng.reporters.JUnitXMLReporter -->
<testsuite ignored="0" hostname="PC_Jonas" failures="0" tests="6" name="Surefire test" time="0.129" errors="0" timestamp="2025-05-02T15:14:14 WEST">
  <testcase classname="lapr4.utentemanagement.domain.UtenteTest" name="ensureClientUserEqualsAreTheSameForTheSameInstance" time="0.008"/>
  <testcase classname="lapr4.utentemanagement.domain.UtenteTest" name="ensureClientUserEqualsFailsForDifferenteMecanographicNumber" time="0.099"/>
  <testcase classname="lapr4.utentemanagement.domain.UtenteTest" name="ensureClientUserEqualsFailsForDifferenteObjectTypes" time="0.0"/>
  <testcase classname="lapr4.utentemanagement.domain.UtenteTest" name="ensureClientUserIsTheSameAsItsInstance" time="0.0"/>
  <testcase classname="lapr4.utentemanagement.domain.UtenteTest" name="ensureCustomerEqualsPassesForTheSameMecanographicNumber" time="0.001"/>
  <testcase classname="lapr4.utentemanagement.domain.UtenteTest" name="ensureTwoClientUserWithDifferentMecanographicNumbersAreNotTheSame" time="0.0"/>
</testsuite> <!-- Surefire test -->
